<?xml version="1.0" encoding="UTF-8"?>
<!-- Generated by org.testng.reporters.JUnitReportReporter -->
<testsuite skipped="0" hostname="LAPTOP-ACHTF6SV" name="TestNGex" tests="2" failures="0" timestamp="10 Jan 2019 19:00:36 GMT" time="0.000" errors="0">
  <testcase name="testReceiveMail" time="0.000" classname="TestNGex"/>
  <testcase name="testSendMail" time="0.000" classname="TestNGex"/>
</testsuite> <!-- TestNGex -->
