<?xml version="1.0" encoding="UTF-8"?>
<!-- Generated by org.testng.reporters.JUnitReportReporter -->
<testsuite hostname="LAPTOP-ACHTF6SV" name="TestNGex" tests="2" failures="0" timestamp="10 Aug 2017 19:26:27 GMT" time="0.031" errors="0">
  <testcase name="testSendMail" time="0.000" classname="TestNGex"/>
  <testcase name="testReceiveMail" time="0.031" classname="TestNGex"/>
</testsuite> <!-- TestNGex -->
